2025-07-05 17:40:51 update API docs
2025-11-25 05:39:45 add comments
2025-03-18 00:22:10 adjust error messages
2025-07-23 13:08:05 fix compatibility
2025-09-10 12:02:04 cleanup dependencies
2025-01-08 06:30:57 update constants
2025-01-19 23:54:28 cleanup dependencies
2025-03-29 03:54:12 update API keys
2025-05-18 09:31:14 update roadmap
2025-09-25 10:27:56 update configs
2025-02-11 20:40:17 fix edge case
2025-08-21 03:14:05 fix typo in docs
2025-09-10 06:31:03 update version
2025-06-09 10:02:29 tweak configs
2025-05-02 15:09:56 cleanup code
2025-11-15 05:36:42 improve UX
2025-04-26 00:23:33 patch memory leak
2025-09-22 12:19:37 update documentation
2025-07-23 03:49:39 fix edge case
2025-12-23 18:58:13 fix build error
2025-01-29 08:18:40 update headers
2025-12-08 21:25:52 cleanup dependencies
2025-12-17 22:16:22 update build script
2025-01-12 22:12:06 update scripts
2025-03-31 01:01:24 optimize function
2025-11-16 14:58:22 enhance logging
2025-05-02 06:52:57 add example file
2025-08-29 16:43:17 update LICENSE
2025-02-26 05:07:39 improve security
2025-08-26 12:32:13 fix typo in code
2025-11-06 21:38:46 reformat code
2025-03-25 05:06:43 clean project structure
2025-02-12 22:02:01 fix UI alignment
2025-09-21 02:30:39 optimize function
2025-08-01 10:34:02 minor changes
2025-05-21 08:28:42 fix warnings
2025-08-04 19:26:13 update deployment script
2025-04-22 01:58:25 add logging
2025-06-08 13:18:05 fix UI alignment
2025-08-12 05:29:38 remove test code
2025-06-14 00:54:39 update README
2025-02-20 03:30:25 patch vulnerability
2025-04-29 05:15:09 fix broken link
2025-04-05 08:46:04 fix timezone issue
2025-04-10 22:59:00 update configs
2025-05-16 18:38:46 fix bug
2025-04-22 12:54:40 improve maintainability
2025-08-22 18:19:16 patch memory leak
2025-09-02 10:07:38 improve security
2025-06-22 15:55:05 update documentation
2025-08-18 04:52:25 update roadmap
2025-02-13 17:31:46 improve maintainability
2025-10-21 08:50:38 improve UX
2025-07-22 21:42:52 fix edge case
2025-05-17 20:25:27 patch vulnerability
2025-04-28 19:01:37 reduce complexity
2025-11-28 13:47:01 fix warnings
2025-04-30 23:55:52 add changelog
2025-01-02 11:17:45 improve caching
2025-06-24 14:30:19 fix misconfiguration
2025-12-14 17:30:01 enhance logging
2025-08-07 07:12:12 improve logging format
2025-02-08 12:59:57 fix misconfiguration
2025-11-28 08:00:49 add integration tests
2025-02-20 21:34:39 update gitignore
2025-09-12 05:19:45 cleanup dependencies
2025-07-28 02:26:05 enhance logging
2025-01-02 01:44:29 patch vulnerability
2025-01-29 13:12:55 remove deprecated code
2025-06-29 14:30:41 fix config bug
2025-05-03 07:44:43 add helper function
2025-01-13 14:36:47 update dependencies
2025-01-16 22:32:22 UI improvements
2025-04-04 20:55:02 improve security
2025-10-11 19:15:42 improve logging format
2025-12-27 01:51:44 fix timezone issue
2025-03-14 12:22:53 enhance error reporting
2025-03-20 02:03:30 add integration tests
2025-03-17 02:04:42 rollback changes
2025-02-26 01:30:13 reorganize files
2025-03-21 04:19:27 update constants
2025-09-12 19:37:58 fix bug
2025-01-09 19:12:43 merge branch
2025-07-01 16:15:46 update build script
2025-02-19 13:07:59 update gitignore
2025-02-13 19:53:32 add helper function
2025-12-24 01:24:58 update docs with examples
2025-02-09 18:39:27 update comments
2025-11-26 01:50:59 add changelog
